2021-05-23 02:42:13 info: =================================
2021-05-23 02:42:14 info: ======= ENV: development =======
2021-05-23 02:42:14 info: 🚀 App listening on the port 3000
2021-05-23 02:42:14 info: =================================
2021-05-23 02:42:26 info: [0mGET /api-docs/ [36m304[0m 6.345 ms - -[0m
2021-05-23 02:42:26 info: [0mGET /api-docs/swagger-ui.css [36m304[0m 5.072 ms - -[0m
2021-05-23 02:42:26 info: [0mGET /api-docs/swagger-ui-bundle.js [36m304[0m 4.373 ms - -[0m
2021-05-23 02:42:26 info: [0mGET /api-docs/swagger-ui-init.js [36m304[0m 0.346 ms - -[0m
2021-05-23 02:42:26 info: [0mGET /api-docs/swagger-ui-standalone-preset.js [36m304[0m 1.854 ms - -[0m
2021-05-23 02:42:26 info: [0mGET /api-docs/favicon-32x32.png [32m200[0m 1.984 ms - 628[0m
2021-05-23 02:43:27 error: [GET] /users >> StatusCode:: 500, Message:: 
Invalid `prisma.user.findMany()` invocation:


  The table `user` does not exist in the current database.
2021-05-23 02:43:27 info: [0mGET /users [31m500[0m 318.327 ms - 124[0m
2021-05-23 02:49:03 info: =================================
2021-05-23 02:49:03 info: ======= ENV: development =======
2021-05-23 02:49:03 info: 🚀 App listening on the port 3000
2021-05-23 02:49:03 info: =================================
2021-05-23 02:49:06 info: [0mGET /users [32m200[0m 168.188 ms - 31[0m
2021-05-23 02:50:44 info: [0mPOST /users [32m201[0m 152.357 ms - 139[0m
2021-05-23 02:52:42 error: [POST] /users >> StatusCode:: 400, Message:: email must be an email
2021-05-23 02:52:42 info: [0mPOST /users [33m400[0m 5.347 ms - 36[0m
2021-05-23 02:53:47 info: [0mPOST /login [32m200[0m 169.015 ms - 137[0m
2021-05-23 03:04:21 info: =================================
2021-05-23 03:04:21 info: ======= ENV: development =======
2021-05-23 03:04:21 info: 🚀 App listening on the port 3000
2021-05-23 03:04:21 info: =================================
2021-05-23 03:05:14 info: =================================
2021-05-23 03:05:14 info: ======= ENV: development =======
2021-05-23 03:05:14 info: 🚀 App listening on the port 3000
2021-05-23 03:05:14 info: =================================
2021-05-23 03:05:47 info: =================================
2021-05-23 03:05:47 info: ======= ENV: development =======
2021-05-23 03:05:47 info: 🚀 App listening on the port 3000
2021-05-23 03:05:47 info: =================================
2021-05-23 03:06:17 info: =================================
2021-05-23 03:06:17 info: ======= ENV: development =======
2021-05-23 03:06:17 info: 🚀 App listening on the port 3000
2021-05-23 03:06:17 info: =================================
2021-05-23 03:06:31 info: =================================
2021-05-23 03:06:31 info: ======= ENV: development =======
2021-05-23 03:06:31 info: 🚀 App listening on the port 3000
2021-05-23 03:06:31 info: =================================
2021-05-23 03:06:41 info: [0mGET / [32m200[0m 191.503 ms - 110[0m
